<?xml version="1.0" encoding="UTF-8"?>
<!-- Generated by org.testng.reporters.JUnitReportReporter -->
<testsuite hostname="CACSVMO-15322" name="com.formlessvoid.games.dice.DieTest" tests="1" failures="0" timestamp="29 May 2017 23:26:00 GMT" time="0.006" errors="0">
  <testcase name="testDie" time="0.006" classname="com.formlessvoid.games.dice.DieTest"/>
</testsuite> <!-- com.formlessvoid.games.dice.DieTest -->
